<?xml version="1.0" encoding="UTF-8"?>
<!-- Generated by org.testng.reporters.JUnitReportReporter -->
<testsuite skipped="0" hostname="LAPTOP-SICQQ1V5" name="sampletest.test1" tests="1" failures="0" timestamp="23 Jan 2022 17:54:58 GMT" time="4.611" errors="0">
  <testcase name="method1" time="4.611" classname="sampletest.test1"/>
</testsuite> <!-- sampletest.test1 -->
