<?xml version="1.0" encoding="UTF-8"?>
<!-- Generated by org.testng.reporters.JUnitReportReporter -->
<testsuite skipped="0" hostname="LAPTOP-SICQQ1V5" name="testng.logintestcasewithenabled" tests="2" failures="0" timestamp="2022-01-19T22:33:30 IST" time="0.010" errors="0">
  <testcase name="logintestcasewithvaliddata" time="0.008" classname="testng.logintestcasewithenabled"/>
  <system-out/>
  <testcase name="createtask" time="0.002" classname="testng.logintestcasewithenabled"/>
  <system-out/>
</testsuite> <!-- testng.logintestcasewithenabled -->
