<?xml version="1.0" encoding="UTF-8"?>
<!-- Generated by org.testng.reporters.JUnitReportReporter -->
<testsuite skipped="0" hostname="LAPTOP-SICQQ1V5" name="switching.Handlingframes" tests="1" failures="0" timestamp="2022-01-17T15:36:56 IST" time="13.421" errors="0">
  <testcase name="testframes" time="13.421" classname="switching.Handlingframes"/>
  <system-out/>
</testsuite> <!-- switching.Handlingframes -->
