<?xml version="1.0" encoding="UTF-8"?>
<!-- Generated by org.testng.reporters.JUnitReportReporter -->
<testsuite skipped="0" hostname="LAPTOP-SICQQ1V5" name="testng.sampletesting" tests="1" failures="0" timestamp="2022-01-19T22:33:30 IST" time="0.006" errors="0">
  <testcase name="testcase1" time="0.006" classname="testng.sampletesting"/>
  <system-out/>
</testsuite> <!-- testng.sampletesting -->
