<?xml version="1.0" encoding="UTF-8"?>
<!-- Generated by org.testng.reporters.JUnitReportReporter -->
<testsuite skipped="0" hostname="LAPTOP-SICQQ1V5" name="testng.actitimeloginwithassertcondition" tests="2" failures="0" timestamp="2022-01-19T22:33:30 IST" time="55.859" errors="0">
  <testcase name="openBroserAndLogin" time="42.711" classname="testng.actitimeloginwithassertcondition"/>
  <system-out/>
  <testcase name="logoutAndClose" time="13.148" classname="testng.actitimeloginwithassertcondition"/>
  <system-out/>
</testsuite> <!-- testng.actitimeloginwithassertcondition -->
