<?xml version="1.0" encoding="UTF-8"?>
<!-- Generated by org.testng.reporters.JUnitReportReporter -->
<testsuite skipped="0" hostname="LAPTOP-SICQQ1V5" name="switching.alertelement" tests="1" failures="0" timestamp="2022-01-17T11:00:07 IST" time="21.508" errors="0">
  <testcase name="alert" time="21.508" classname="switching.alertelement"/>
  <system-out/>
</testsuite> <!-- switching.alertelement -->
