<?xml version="1.0" encoding="UTF-8"?>
<!-- Generated by org.testng.reporters.JUnitReportReporter -->
<testsuite skipped="0" hostname="LAPTOP-SICQQ1V5" name="DDT.Testdate1" tests="1" failures="0" timestamp="2022-01-22T12:29:31 IST" time="0.019" errors="0">
  <testcase name="Testdate1" time="0.019" classname="DDT.Testdate1"/>
  <system-out/>
</testsuite> <!-- DDT.Testdate1 -->
