<?xml version="1.0" encoding="UTF-8"?>
<!-- Generated by org.testng.reporters.JUnitReportReporter -->
<testsuite skipped="0" hostname="LAPTOP-SICQQ1V5" name="switching.active_element" tests="1" failures="0" timestamp="2022-01-16T23:46:01 IST" time="6.405" errors="0">
  <testcase name="fblogin" time="6.405" classname="switching.active_element"/>
  <system-out/>
</testsuite> <!-- switching.active_element -->
