<?xml version="1.0" encoding="UTF-8"?>
<!-- Generated by org.testng.reporters.JUnitReportReporter -->
<testsuite skipped="0" hostname="LAPTOP-SICQQ1V5" name="window.windowhandling" tests="1" failures="0" timestamp="2022-01-19T13:15:21 IST" time="28.377" errors="0">
  <testcase name="testwindow" time="28.377" classname="window.windowhandling"/>
  <system-out/>
</testsuite> <!-- window.windowhandling -->
