<?xml version="1.0" encoding="UTF-8"?>
<!-- Generated by org.testng.reporters.JUnitReportReporter -->
<testsuite skipped="0" hostname="LAPTOP-SICQQ1V5" name="switching.draganddropframe" tests="1" failures="0" timestamp="2022-01-19T00:10:51 IST" time="13.075" errors="0">
  <testcase name="sortableoperation" time="13.075" classname="switching.draganddropframe"/>
  <system-out/>
</testsuite> <!-- switching.draganddropframe -->
