<?xml version="1.0" encoding="UTF-8"?>
<!-- Generated by org.testng.reporters.JUnitReportReporter -->
<testsuite skipped="0" hostname="LAPTOP-SICQQ1V5" name="newpackage.NewTest1" tests="1" failures="0" timestamp="2022-01-20T18:03:08 IST" time="0.007" errors="0">
  <testcase name="f" time="0.007" classname="newpackage.NewTest1"/>
  <system-out/>
</testsuite> <!-- newpackage.NewTest1 -->
