<?xml version="1.0" encoding="UTF-8"?>
<!-- Generated by org.testng.reporters.JUnitReportReporter -->
<testsuite skipped="0" hostname="LAPTOP-SICQQ1V5" name="testng.actitimeloginwithclasslevelannotation" tests="2" failures="0" timestamp="2022-01-19T22:33:30 IST" time="32.690" errors="0">
  <testcase name="tc_1openbrowserandlogin" time="23.470" classname="testng.actitimeloginwithclasslevelannotation"/>
  <system-out/>
  <testcase name="tc_2logoutandclosebrowser" time="9.220" classname="testng.actitimeloginwithclasslevelannotation"/>
  <system-out/>
</testsuite> <!-- testng.actitimeloginwithclasslevelannotation -->
