<?xml version="1.0" encoding="UTF-8"?>
<!-- Generated by org.testng.reporters.JUnitReportReporter -->
<testsuite skipped="0" hostname="LAPTOP-SICQQ1V5" name="testng.Groupexample" tests="6" failures="0" timestamp="2022-01-19T22:33:30 IST" time="0.015" errors="0">
  <testcase name="testcase4" time="0.002" classname="testng.Groupexample"/>
  <system-out/>
  <testcase name="testcase3" time="0.002" classname="testng.Groupexample"/>
  <system-out/>
  <testcase name="testcase1" time="0.002" classname="testng.Groupexample"/>
  <system-out/>
  <testcase name="testcase5" time="0.003" classname="testng.Groupexample"/>
  <system-out/>
  <testcase name="testcase2" time="0.001" classname="testng.Groupexample"/>
  <system-out/>
  <testcase name="testcase6" time="0.005" classname="testng.Groupexample"/>
  <system-out/>
</testsuite> <!-- testng.Groupexample -->
