<?xml version="1.0" encoding="UTF-8"?>
<!-- Generated by org.testng.reporters.JUnitReportReporter -->
<testsuite skipped="0" hostname="LAPTOP-SICQQ1V5" name="testng.testcasewithdiscription" tests="3" failures="0" timestamp="2022-01-19T22:33:30 IST" time="0.011" errors="0">
  <testcase name="loginwithemptyuser" time="0.008" classname="testng.testcasewithdiscription"/>
  <system-out/>
  <testcase name="loginwithvaliduser" time="0.001" classname="testng.testcasewithdiscription"/>
  <system-out/>
  <testcase name="loginwithinvaliduser" time="0.002" classname="testng.testcasewithdiscription"/>
  <system-out/>
</testsuite> <!-- testng.testcasewithdiscription -->
