<?xml version="1.0" encoding="UTF-8"?>
<!-- Generated by org.testng.reporters.JUnitReportReporter -->
<testsuite skipped="0" hostname="LAPTOP-SICQQ1V5" name="testng.logintestcase" tests="3" failures="0" timestamp="2022-01-23T22:43:25 IST" time="0.024" errors="0">
  <testcase name="loginwithemptyusername" time="0.007" classname="testng.logintestcase"/>
  <system-out/>
  <testcase name="loginwithinvalidusername" time="0.002" classname="testng.logintestcase"/>
  <system-out/>
  <testcase name="loginwithvalidusername" time="0.015" classname="testng.logintestcase"/>
  <system-out/>
</testsuite> <!-- testng.logintestcase -->
