<?xml version="1.0" encoding="UTF-8"?>
<!-- Generated by org.testng.reporters.JUnitReportReporter -->
<testsuite skipped="0" hostname="LAPTOP-SICQQ1V5" name="testng.googleappbeforeaftertestmethod" tests="2" failures="0" timestamp="2022-01-13T17:27:34 IST" time="8.274" errors="0">
  <testcase name="testSearch" time="5.047" classname="testng.googleappbeforeaftertestmethod"/>
  <system-out/>
  <testcase name="testGoogleLandingPage" time="3.227" classname="testng.googleappbeforeaftertestmethod"/>
  <system-out/>
</testsuite> <!-- testng.googleappbeforeaftertestmethod -->
