<?xml version="1.0" encoding="UTF-8"?>
<!-- Generated by org.testng.reporters.JUnitReportReporter -->
<testsuite skipped="0" hostname="LAPTOP-SICQQ1V5" name="testng.AllAttributesinone" tests="2" failures="0" timestamp="2022-01-19T22:33:30 IST" time="0.018" errors="0">
  <testcase name="createtask" time="0.004" classname="testng.AllAttributesinone"/>
  <system-out/>
  <testcase name="loginwithvaliduser1" time="0.014" classname="testng.AllAttributesinone"/>
  <system-out/>
</testsuite> <!-- testng.AllAttributesinone -->
