<?xml version="1.0" encoding="UTF-8"?>
<!-- Generated by org.testng.reporters.JUnitReportReporter -->
<testsuite skipped="0" hostname="LAPTOP-SICQQ1V5" name="testng.googleapplicationwithbeforeaftertest" tests="2" failures="0" timestamp="2022-01-19T22:33:30 IST" time="3.890" errors="0">
  <testcase name="testsearch" time="3.870" classname="testng.googleapplicationwithbeforeaftertest"/>
  <system-out/>
  <testcase name="testgooglelandingpage" time="0.020" classname="testng.googleapplicationwithbeforeaftertest"/>
  <system-out/>
</testsuite> <!-- testng.googleapplicationwithbeforeaftertest -->
