<?xml version="1.0" encoding="UTF-8"?>
<!-- Generated by org.testng.reporters.JUnitReportReporter -->
<testsuite skipped="0" hostname="LAPTOP-SICQQ1V5" name="testng.logintestcasewithpriority" tests="3" failures="0" timestamp="2022-01-19T22:33:30 IST" time="0.007" errors="0">
  <testcase name="logintestcasewithemptyuser" time="0.002" classname="testng.logintestcasewithpriority"/>
  <system-out/>
  <testcase name="logintestcasewithvaliduser" time="0.002" classname="testng.logintestcasewithpriority"/>
  <system-out/>
  <testcase name="logintestcasewithinvaliduser" time="0.003" classname="testng.logintestcasewithpriority"/>
  <system-out/>
</testsuite> <!-- testng.logintestcasewithpriority -->
