<?xml version="1.0" encoding="UTF-8"?>
<!-- Generated by org.testng.reporters.JUnitReportReporter -->
<testsuite skipped="0" hostname="LAPTOP-SICQQ1V5" name="window.testwindow1" tests="1" failures="0" timestamp="2022-01-19T15:30:12 IST" time="23.696" errors="0">
  <testcase name="testwindow1" time="23.696" classname="window.testwindow1"/>
  <system-out/>
</testsuite> <!-- window.testwindow1 -->
