<?xml version="1.0" encoding="UTF-8"?>
<!-- Generated by org.testng.reporters.JUnitReportReporter -->
<testsuite skipped="0" hostname="LAPTOP-SICQQ1V5" name="DDT.Testdate" tests="1" failures="0" timestamp="2022-01-22T13:14:18 IST" time="0.017" errors="0">
  <testcase name="Testdate" time="0.017" classname="DDT.Testdate"/>
  <system-out/>
</testsuite> <!-- DDT.Testdate -->
