<?xml version="1.0" encoding="UTF-8"?>
<!-- Generated by org.testng.reporters.JUnitReportReporter -->
<testsuite skipped="0" hostname="LAPTOP-SICQQ1V5" name="DDT.excelreading" tests="4" failures="0" timestamp="2022-01-21T14:01:26 IST" time="0.583" errors="0">
  <testcase name="getsheetname" time="0.448" classname="DDT.excelreading"/>
  <system-out/>
  <testcase name="getrowoperation" time="0.042" classname="DDT.excelreading"/>
  <system-out/>
  <testcase name="getcelloperation" time="0.056" classname="DDT.excelreading"/>
  <system-out/>
  <testcase name="getdifferentcellvalues" time="0.037" classname="DDT.excelreading"/>
  <system-out/>
</testsuite> <!-- DDT.excelreading -->
